
*** Running vivado
    with args -log EES_335_xlconstant_0_0.vds -m64 -product Vivado -mode batch -messageDb vivado.pb -notrace -source EES_335_xlconstant_0_0.tcl


****** Vivado v2017.4 (64-bit)
  **** SW Build 2086221 on Fri Dec 15 20:55:39 MST 2017
  **** IP Build 2085800 on Fri Dec 15 22:25:07 MST 2017
    ** Copyright 1986-2017 Xilinx, Inc. All Rights Reserved.

source EES_335_xlconstant_0_0.tcl -notrace
Command: synth_design -top EES_335_xlconstant_0_0 -part xc7z010clg400-1 -mode out_of_context
Starting synth_design
Attempting to get a license for feature 'Synthesis' and/or device 'xc7z010'
INFO: [Common 17-349] Got license for feature 'Synthesis' and/or device 'xc7z010'
INFO: Launching helper process for spawning children vivado processes
INFO: Helper process launched with PID 11452 
---------------------------------------------------------------------------------
Starting RTL Elaboration : Time (s): cpu = 00:00:07 ; elapsed = 00:00:07 . Memory (MB): peak = 381.625 ; gain = 100.164
---------------------------------------------------------------------------------
INFO: [Synth 8-638] synthesizing module 'EES_335_xlconstant_0_0' [e:/EES_Board/EES_335/EES_335.srcs/sources_1/bd/EES_335/ip/EES_335_xlconstant_0_0/synth/EES_335_xlconstant_0_0.v:57]
INFO: [Synth 8-638] synthesizing module 'xlconstant_v1_1_3_xlconstant' [e:/EES_Board/EES_335/EES_335.srcs/sources_1/bd/EES_335/ipshared/0750/hdl/xlconstant_v1_1_vl_rfs.v:23]
	Parameter CONST_VAL bound to: 480 - type: integer 
	Parameter CONST_WIDTH bound to: 32 - type: integer 
INFO: [Synth 8-256] done synthesizing module 'xlconstant_v1_1_3_xlconstant' (1#1) [e:/EES_Board/EES_335/EES_335.srcs/sources_1/bd/EES_335/ipshared/0750/hdl/xlconstant_v1_1_vl_rfs.v:23]
INFO: [Synth 8-256] done synthesizing module 'EES_335_xlconstant_0_0' (2#1) [e:/EES_Board/EES_335/EES_335.srcs/sources_1/bd/EES_335/ip/EES_335_xlconstant_0_0/synth/EES_335_xlconstant_0_0.v:57]
---------------------------------------------------------------------------------
Finished RTL Elaboration : Time (s): cpu = 00:00:08 ; elapsed = 00:00:08 . Memory (MB): peak = 433.805 ; gain = 152.344
---------------------------------------------------------------------------------

Report Check Netlist: 
+------+------------------+-------+---------+-------+------------------+
|      |Item              |Errors |Warnings |Status |Description       |
+------+------------------+-------+---------+-------+------------------+
|1     |multi_driven_nets |      0|        0|Passed |Multi driven nets |
+------+------------------+-------+---------+-------+------------------+
---------------------------------------------------------------------------------
Finished RTL Optimization Phase 1 : Time (s): cpu = 00:00:08 ; elapsed = 00:00:08 . Memory (MB): peak = 433.805 ; gain = 152.344
---------------------------------------------------------------------------------
INFO: [Device 21-403] Loading part xc7z010clg400-1
INFO: [Project 1-570] Preparing netlist for logic optimization

Processing XDC Constraints
Initializing timing engine
Completed Processing XDC Constraints

INFO: [Project 1-111] Unisim Transformation Summary:
No Unisim elements were transformed.

Constraint Validation Runtime : Time (s): cpu = 00:00:00 ; elapsed = 00:00:00.004 . Memory (MB): peak = 662.895 ; gain = 0.000
---------------------------------------------------------------------------------
Finished Constraint Validation : Time (s): cpu = 00:00:21 ; elapsed = 00:00:21 . Memory (MB): peak = 662.895 ; gain = 381.434
---------------------------------------------------------------------------------
---------------------------------------------------------------------------------
Start Loading Part and Timing Information
---------------------------------------------------------------------------------
Loading part: xc7z010clg400-1
---------------------------------------------------------------------------------
Finished Loading Part and Timing Information : Time (s): cpu = 00:00:21 ; elapsed = 00:00:21 . Memory (MB): peak = 662.895 ; gain = 381.434
---------------------------------------------------------------------------------
---------------------------------------------------------------------------------
Start Applying 'set_property' XDC Constraints
---------------------------------------------------------------------------------
---------------------------------------------------------------------------------
Finished applying 'set_property' XDC Constraints : Time (s): cpu = 00:00:21 ; elapsed = 00:00:21 . Memory (MB): peak = 662.895 ; gain = 381.434
---------------------------------------------------------------------------------
---------------------------------------------------------------------------------
Finished RTL Optimization Phase 2 : Time (s): cpu = 00:00:21 ; elapsed = 00:00:21 . Memory (MB): peak = 662.895 ; gain = 381.434
---------------------------------------------------------------------------------

Report RTL Partitions: 
+-+--------------+------------+----------+
| |RTL Partition |Replication |Instances |
+-+--------------+------------+----------+
+-+--------------+------------+----------+
---------------------------------------------------------------------------------
Start RTL Component Statistics 
---------------------------------------------------------------------------------
Detailed RTL Component Info : 
---------------------------------------------------------------------------------
Finished RTL Component Statistics 
---------------------------------------------------------------------------------
---------------------------------------------------------------------------------
Start RTL Hierarchical Component Statistics 
---------------------------------------------------------------------------------
Hierarchical RTL Component report 
---------------------------------------------------------------------------------
Finished RTL Hierarchical Component Statistics
---------------------------------------------------------------------------------
---------------------------------------------------------------------------------
Start Part Resource Summary
---------------------------------------------------------------------------------
Part Resources:
DSPs: 80 (col length:40)
BRAMs: 120 (col length: RAMB18 40 RAMB36 20)
---------------------------------------------------------------------------------
Finished Part Resource Summary
---------------------------------------------------------------------------------
---------------------------------------------------------------------------------
Start Cross Boundary and Area Optimization
---------------------------------------------------------------------------------
WARNING: [Synth 8-3330] design EES_335_xlconstant_0_0 has an empty top module
INFO: [Synth 8-3917] design EES_335_xlconstant_0_0 has port dout[31] driven by constant 0
INFO: [Synth 8-3917] design EES_335_xlconstant_0_0 has port dout[30] driven by constant 0
INFO: [Synth 8-3917] design EES_335_xlconstant_0_0 has port dout[29] driven by constant 0
INFO: [Synth 8-3917] design EES_335_xlconstant_0_0 has port dout[28] driven by constant 0
INFO: [Synth 8-3917] design EES_335_xlconstant_0_0 has port dout[27] driven by constant 0
INFO: [Synth 8-3917] design EES_335_xlconstant_0_0 has port dout[26] driven by constant 0
INFO: [Synth 8-3917] design EES_335_xlconstant_0_0 has port dout[25] driven by constant 0
INFO: [Synth 8-3917] design EES_335_xlconstant_0_0 has port dout[24] driven by constant 0
INFO: [Synth 8-3917] design EES_335_xlconstant_0_0 has port dout[23] driven by constant 0
INFO: [Synth 8-3917] design EES_335_xlconstant_0_0 has port dout[22] driven by constant 0
INFO: [Synth 8-3917] design EES_335_xlconstant_0_0 has port dout[21] driven by constant 0
INFO: [Synth 8-3917] design EES_335_xlconstant_0_0 has port dout[20] driven by constant 0
INFO: [Synth 8-3917] design EES_335_xlconstant_0_0 has port dout[19] driven by constant 0
INFO: [Synth 8-3917] design EES_335_xlconstant_0_0 has port dout[18] driven by constant 0
INFO: [Synth 8-3917] design EES_335_xlconstant_0_0 has port dout[17] driven by constant 0
INFO: [Synth 8-3917] design EES_335_xlconstant_0_0 has port dout[16] driven by constant 0
INFO: [Synth 8-3917] design EES_335_xlconstant_0_0 has port dout[15] driven by constant 0
INFO: [Synth 8-3917] design EES_335_xlconstant_0_0 has port dout[14] driven by constant 0
INFO: [Synth 8-3917] design EES_335_xlconstant_0_0 has port dout[13] driven by constant 0
INFO: [Synth 8-3917] design EES_335_xlconstant_0_0 has port dout[12] driven by constant 0
INFO: [Synth 8-3917] design EES_335_xlconstant_0_0 has port dout[11] driven by constant 0
INFO: [Synth 8-3917] design EES_335_xlconstant_0_0 has port dout[10] driven by constant 0
INFO: [Synth 8-3917] design EES_335_xlconstant_0_0 has port dout[9] driven by constant 0
INFO: [Synth 8-3917] design EES_335_xlconstant_0_0 has port dout[8] driven by constant 1
INFO: [Synth 8-3917] design EES_335_xlconstant_0_0 has port dout[7] driven by constant 1
INFO: [Synth 8-3917] design EES_335_xlconstant_0_0 has port dout[6] driven by constant 1
INFO: [Synth 8-3917] design EES_335_xlconstant_0_0 has port dout[5] driven by constant 1
INFO: [Synth 8-3917] design EES_335_xlconstant_0_0 has port dout[4] driven by constant 0
INFO: [Synth 8-3917] design EES_335_xlconstant_0_0 has port dout[3] driven by constant 0
INFO: [Synth 8-3917] design EES_335_xlconstant_0_0 has port dout[2] driven by constant 0
INFO: [Synth 8-3917] design EES_335_xlconstant_0_0 has port dout[1] driven by constant 0
INFO: [Synth 8-3917] design EES_335_xlconstant_0_0 has port dout[0] driven by constant 0
---------------------------------------------------------------------------------
Finished Cross Boundary and Area Optimization : Time (s): cpu = 00:00:21 ; elapsed = 00:00:22 . Memory (MB): peak = 662.895 ; gain = 381.434
---------------------------------------------------------------------------------

Report RTL Partitions: 
+-+--------------+------------+----------+
| |RTL Partition |Replication |Instances |
+-+--------------+------------+----------+
+-+--------------+------------+----------+
---------------------------------------------------------------------------------
Start Applying XDC Timing Constraints
---------------------------------------------------------------------------------
---------------------------------------------------------------------------------
Finished Applying XDC Timing Constraints : Time (s): cpu = 00:00:32 ; elapsed = 00:00:33 . Memory (MB): peak = 734.023 ; gain = 452.563
---------------------------------------------------------------------------------
---------------------------------------------------------------------------------
Start Timing Optimization
---------------------------------------------------------------------------------
---------------------------------------------------------------------------------
Finished Timing Optimization : Time (s): cpu = 00:00:32 ; elapsed = 00:00:33 . Memory (MB): peak = 734.023 ; gain = 452.563
---------------------------------------------------------------------------------

Report RTL Partitions: 
+-+--------------+------------+----------+
| |RTL Partition |Replication |Instances |
+-+--------------+------------+----------+
+-+--------------+------------+----------+
---------------------------------------------------------------------------------
Start Technology Mapping
---------------------------------------------------------------------------------
---------------------------------------------------------------------------------
Finished Technology Mapping : Time (s): cpu = 00:00:32 ; elapsed = 00:00:33 . Memory (MB): peak = 743.547 ; gain = 462.086
---------------------------------------------------------------------------------

Report RTL Partitions: 
+-+--------------+------------+----------+
| |RTL Partition |Replication |Instances |
+-+--------------+------------+----------+
+-+--------------+------------+----------+
---------------------------------------------------------------------------------
Start IO Insertion
---------------------------------------------------------------------------------
---------------------------------------------------------------------------------
Start Flattening Before IO Insertion
---------------------------------------------------------------------------------
---------------------------------------------------------------------------------
Finished Flattening Before IO Insertion
---------------------------------------------------------------------------------
---------------------------------------------------------------------------------
Start Final Netlist Cleanup
---------------------------------------------------------------------------------
---------------------------------------------------------------------------------
Finished Final Netlist Cleanup
---------------------------------------------------------------------------------
---------------------------------------------------------------------------------
Finished IO Insertion : Time (s): cpu = 00:00:33 ; elapsed = 00:00:34 . Memory (MB): peak = 743.547 ; gain = 462.086
---------------------------------------------------------------------------------

Report Check Netlist: 
+------+------------------+-------+---------+-------+------------------+
|      |Item              |Errors |Warnings |Status |Description       |
+------+------------------+-------+---------+-------+------------------+
|1     |multi_driven_nets |      0|        0|Passed |Multi driven nets |
+------+------------------+-------+---------+-------+------------------+
---------------------------------------------------------------------------------
Start Renaming Generated Instances
---------------------------------------------------------------------------------
---------------------------------------------------------------------------------
Finished Renaming Generated Instances : Time (s): cpu = 00:00:33 ; elapsed = 00:00:34 . Memory (MB): peak = 743.547 ; gain = 462.086
---------------------------------------------------------------------------------

Report RTL Partitions: 
+-+--------------+------------+----------+
| |RTL Partition |Replication |Instances |
+-+--------------+------------+----------+
+-+--------------+------------+----------+
---------------------------------------------------------------------------------
Start Rebuilding User Hierarchy
---------------------------------------------------------------------------------
---------------------------------------------------------------------------------
Finished Rebuilding User Hierarchy : Time (s): cpu = 00:00:33 ; elapsed = 00:00:34 . Memory (MB): peak = 743.547 ; gain = 462.086
---------------------------------------------------------------------------------
---------------------------------------------------------------------------------
Start Renaming Generated Ports
---------------------------------------------------------------------------------
---------------------------------------------------------------------------------
Finished Renaming Generated Ports : Time (s): cpu = 00:00:33 ; elapsed = 00:00:34 . Memory (MB): peak = 743.547 ; gain = 462.086
---------------------------------------------------------------------------------
---------------------------------------------------------------------------------
Start Handling Custom Attributes
---------------------------------------------------------------------------------
---------------------------------------------------------------------------------
Finished Handling Custom Attributes : Time (s): cpu = 00:00:33 ; elapsed = 00:00:34 . Memory (MB): peak = 743.547 ; gain = 462.086
---------------------------------------------------------------------------------
---------------------------------------------------------------------------------
Start Renaming Generated Nets
---------------------------------------------------------------------------------
---------------------------------------------------------------------------------
Finished Renaming Generated Nets : Time (s): cpu = 00:00:33 ; elapsed = 00:00:34 . Memory (MB): peak = 743.547 ; gain = 462.086
---------------------------------------------------------------------------------
---------------------------------------------------------------------------------
Start Writing Synthesis Report
---------------------------------------------------------------------------------

Report BlackBoxes: 
+-+--------------+----------+
| |BlackBox name |Instances |
+-+--------------+----------+
+-+--------------+----------+

Report Cell Usage: 
+-+-----+------+
| |Cell |Count |
+-+-----+------+
+-+-----+------+

Report Instance Areas: 
+------+---------+-------+------+
|      |Instance |Module |Cells |
+------+---------+-------+------+
|1     |top      |       |     0|
+------+---------+-------+------+
---------------------------------------------------------------------------------
Finished Writing Synthesis Report : Time (s): cpu = 00:00:33 ; elapsed = 00:00:34 . Memory (MB): peak = 743.547 ; gain = 462.086
---------------------------------------------------------------------------------
Synthesis finished with 0 errors, 0 critical warnings and 1 warnings.
Synthesis Optimization Runtime : Time (s): cpu = 00:00:19 ; elapsed = 00:00:27 . Memory (MB): peak = 743.547 ; gain = 232.996
Synthesis Optimization Complete : Time (s): cpu = 00:00:33 ; elapsed = 00:00:34 . Memory (MB): peak = 743.547 ; gain = 462.086
INFO: [Project 1-571] Translating synthesized netlist
INFO: [Project 1-570] Preparing netlist for logic optimization
INFO: [Opt 31-138] Pushed 0 inverter(s) to 0 load pin(s).
INFO: [Project 1-111] Unisim Transformation Summary:
No Unisim elements were transformed.

INFO: [Common 17-83] Releasing license: Synthesis
45 Infos, 1 Warnings, 0 Critical Warnings and 0 Errors encountered.
synth_design completed successfully
synth_design: Time (s): cpu = 00:00:35 ; elapsed = 00:00:36 . Memory (MB): peak = 761.512 ; gain = 491.520
INFO: [Common 17-1381] The checkpoint 'E:/EES_Board/EES_335/EES_335.runs/EES_335_xlconstant_0_0_synth_1/EES_335_xlconstant_0_0.dcp' has been generated.
