13:32:52 INFO  : Registering command handlers for SDK TCF services
13:32:53 INFO  : Launching XSCT server: xsct.bat -interactive E:\EES_Board\EES_335\EES_335.sdk\temp_xsdb_launch_script.tcl
13:32:56 INFO  : XSCT server has started successfully.
13:32:56 INFO  : Successfully done setting XSCT server connection channel  
13:32:56 INFO  : Successfully done setting SDK workspace  
13:32:56 INFO  : Processing command line option -hwspec E:/EES_Board/EES_335/EES_335.sdk/EES_335_wrapper.hdf.
13:33:26 INFO  : Saving repository preferences.
13:33:26 INFO  : Reading in cores from local repositories: 
		 D:\Xilinx\SDK\device-tree-xlnx-master
13:33:26 INFO  : Cleaning BSP projects in the workspace.
13:33:31 INFO  : Saving repository preferences.
13:37:06 INFO  : Invoking Bootgen: bootgen -image fsbl.bif -arch zynq -o E:\EES_Board\EES_335\EES_335.sdk\fsbl\bootimage\BOOT.bin
13:37:06 INFO  : Creating new bif file E:\EES_Board\EES_335\EES_335.sdk\fsbl\bootimage\fsbl.bif
13:37:07 INFO  : Bootgen command execution is done.
10:59:26 INFO  : Launching XSCT server: xsct.bat -interactive E:\EES_Board\EES_335\EES_335.sdk\temp_xsdb_launch_script.tcl
10:59:28 INFO  : XSCT server has started successfully.
10:59:29 INFO  : Successfully done setting XSCT server connection channel  
10:59:29 INFO  : Successfully done setting SDK workspace  
10:59:29 INFO  : Restoring local repository preferences: 
		 D:\Xilinx\SDK\device-tree-xlnx-master
10:59:36 INFO  : Registering command handlers for SDK TCF services
10:59:36 INFO  : Processing command line option -hwspec E:/EES_Board/EES_335/EES_335.sdk/EES_335_wrapper.hdf.
10:59:36 INFO  : Checking for hwspec changes in the project EES_335_wrapper_hw_platform_0.
10:59:36 INFO  : SDK has detected change in the last modified timestamps for source hardware specification file Source:1551668285918,  Project:1550640613572
10:59:36 INFO  : The hardware specification for project 'EES_335_wrapper_hw_platform_0' is different from E:/EES_Board/EES_335/EES_335.sdk/EES_335_wrapper.hdf.
10:59:36 INFO  : Copied contents of E:/EES_Board/EES_335/EES_335.sdk/EES_335_wrapper.hdf into \EES_335_wrapper_hw_platform_0\system.hdf.
10:59:56 INFO  : BSP Project P/device_tree_bsp_0 has been successfully migrated.
10:59:59 INFO  : Synchronizing projects in the workspace with the hardware platform specification changes.
11:00:04 INFO  : 
11:00:06 INFO  : 
11:00:07 INFO  : Updating hardware inferred compiler options for fsbl.
11:00:07 INFO  : Clearing existing target manager status.
11:00:07 WARN  : Given IPC port value is invalid. Using default port 2350
11:00:07 WARN  : Given XMD timeout value is invalid. Using default value of 50000
11:00:09 WARN  : Given XMD transaction timeout value is invalid. Using default value of 60000 milli seconds
11:14:08 INFO  : Invoking Bootgen: bootgen -image fsbl_iic.bif -arch zynq -o E:\EES_Board\EES_335\EES_335.sdk\fsbl_iic\bootimage\BOOT.bin
11:14:08 INFO  : Creating new bif file E:\EES_Board\EES_335\EES_335.sdk\fsbl_iic\bootimage\fsbl_iic.bif
11:14:09 INFO  : Bootgen command execution is done.
17:50:45 INFO  : SDK has detected change in the last modified timestamps for source hardware specification file Source:1551692344016,  Project:1551668285918
17:50:45 INFO  : Project EES_335_wrapper_hw_platform_0's source hardware specification located at E:/EES_Board/EES_335/EES_335.sdk/EES_335_wrapper.hdf is now different from the local copy.
		 The local copy will be replaced with the source specification and your workspace will be updated.
17:50:46 INFO  : Copied contents of E:/EES_Board/EES_335/EES_335.sdk/EES_335_wrapper.hdf into \EES_335_wrapper_hw_platform_0\system.hdf.
17:50:57 INFO  : Synchronizing projects in the workspace with the hardware platform specification changes.
17:51:02 INFO  : 
17:51:04 INFO  : 
17:51:05 INFO  : 
17:51:06 INFO  : Updating hardware inferred compiler options for fsbl.
17:51:07 INFO  : Updating hardware inferred compiler options for fsbl_iic.
17:51:07 INFO  : Clearing existing target manager status.
17:51:07 INFO  : Closing and re-opening the MSS file of ther project fsbl_bsp
17:51:08 INFO  : Closing and re-opening the MSS file of ther project device_tree_bsp_0
17:51:08 INFO  : Closing and re-opening the MSS file of ther project fsbl_iic_bsp
17:51:09 INFO  : Workspace synchronized with the new hardware specification file. Cleaning dependent projects...
17:51:33 WARN  : Linker script will not be updated automatically. Users need to update it manually.
18:29:59 INFO  : Invoking Bootgen: bootgen -image fsbl_iic.bif -arch zynq -o E:\EES_Board\EES_335\EES_335.sdk\fsbl_iic\bootimage\BOOT.bin -w on
18:30:02 INFO  : Bootgen command execution is done.
21:00:04 ERROR : Unexpected error while parsing XMD response ?: com.google.gson.JsonSyntaxException: com.google.gson.stream.MalformedJsonException: invalid number or unquoted string near 
10:40:51 INFO  : Launching XSCT server: xsct.bat -interactive E:\EES_Board\EES_335\EES_335.sdk\temp_xsdb_launch_script.tcl
10:40:54 INFO  : XSCT server has started successfully.
10:40:55 INFO  : Successfully done setting XSCT server connection channel  
10:40:55 INFO  : Successfully done setting SDK workspace  
10:40:55 INFO  : Restoring local repository preferences: 
		 D:\Xilinx\SDK\device-tree-xlnx-master
10:41:03 INFO  : Registering command handlers for SDK TCF services
10:41:03 INFO  : Processing command line option -hwspec E:/EES_Board/EES_335/EES_335.sdk/EES_335_wrapper.hdf.
10:41:04 INFO  : Checking for hwspec changes in the project EES_335_wrapper_hw_platform_0.
10:41:09 INFO  : BSP Project P/device_tree_bsp_0 has been successfully migrated.
13:43:19 INFO  : Launching XSCT server: xsct.bat -interactive E:\EES_Board\EES_335\EES_335.sdk\temp_xsdb_launch_script.tcl
13:43:22 INFO  : XSCT server has started successfully.
13:43:22 INFO  : Successfully done setting XSCT server connection channel  
13:43:22 INFO  : Successfully done setting SDK workspace  
13:43:22 INFO  : Restoring local repository preferences: 
		 D:\Xilinx\SDK\device-tree-xlnx-master
13:43:30 INFO  : Registering command handlers for SDK TCF services
13:43:30 INFO  : Processing command line option -hwspec E:/EES_Board/EES_335/EES_335.sdk/EES_335_wrapper.hdf.
13:43:31 INFO  : Checking for hwspec changes in the project EES_335_wrapper_hw_platform_0.
13:43:37 INFO  : BSP Project P/device_tree_bsp_0 has been successfully migrated.
