#-----------------------------------------------------------
# Vivado v2017.2 (64-bit)
# SW Build 1909853 on Thu Jun 15 18:39:09 MDT 2017
# IP Build 1909766 on Thu Jun 15 19:58:00 MDT 2017
# Start of session at: Tue Nov 28 17:02:26 2017
# Process ID: 10084
# Current directory: D:/Project/Vivado/improving_project/EES_335
# Command line: vivado.exe -gui_launcher_event rodinguilauncherevent8092 D:\Project\Vivado\improving_project\EES_335\EES_335.xpr
# Log file: D:/Project/Vivado/improving_project/EES_335/vivado.log
# Journal file: D:/Project/Vivado/improving_project/EES_335\vivado.jou
#-----------------------------------------------------------sstart_guiopen_project D:/Project/Vivado/improving_project/EES_335/EES_335.xpr
SScanning sources...Finished scanning sources
IINFO: [IP_Flow 19-234] Refreshing IP repositoriesIINFO: [IP_Flow 19-1700] Loaded user IP repository 'd:/Project/Vivado/improving_project/EES_335/IPs'.INFO: [IP_Flow 19-2313] Loaded Vivado IP repository 'C:/Xilinx/Vivado/2017.2/data/ip'.
WARNING: [IP_Flow 19-3664] IP 'EES_335_xbar_1' generated file not found 'd:/Project/Vivado/improving_project/EES_335/EES_335.srcs/sources_1/bd/EES_335/ip/EES_335_xbar_1/stats.txt'. Please regenerate to continue.
INFO: [Common 17-41] Interrupt caught. Command should exit soon.
WARNING: [IP_Flow 19-3664] IP 'EES_335_auto_pc_1' generated file not found 'd:/Project/Vivado/improving_project/EES_335/EES_335.srcs/sources_1/bd/EES_335/ip/EES_335_auto_pc_1/stats.txt'. Please regenerate to continue.
WWARNING: [IP_Flow 19-3664] IP 'EES_335_auto_pc_0' generated file not found 'd:/Project/Vivado/improving_project/EES_335/EES_335.srcs/sources_1/bd/EES_335/ip/EES_335_auto_pc_0/stats.txt'. Please regenerate to continue.ERROR: [BD 41-69] Error sourcing TCL script: 
    while executing
"namespace eval ::xilinx.com_ip_aximm_1.0 { source -notrace {C:/Xilinx/Vivado/2017.2/data/rsb/busdef/AXIMM/busdef.tcl} }"
EERROR: [BD 41-69] Error sourcing TCL script: 
    while executing
"source -notrace {C:/Xilinx/Vivado/2017.2/data/rsb/busdef/clock_signal/busdef.tcl} "
    (in namespace eval "::xilinx.com_ip_clock_signal_1.0" script line 1)
    invoked from within
"namespace eval ::xilinx.com_ip_clock_signal_1.0 { source -notrace {C:/Xilinx/Vivado/2017.2/data/rsb/busdef/clock_signal/busdef.tcl} }"INFO: [Common 17-344] 'open_project' was cancelled
exit
INFO: [Common 17-206] Exiting Vivado at Tue Nov 28 17:03:05 2017...

