#-----------------------------------------------------------
# Vivado v2017.2 (64-bit)
# SW Build 1909853 on Thu Jun 15 18:39:09 MDT 2017
# IP Build 1909766 on Thu Jun 15 19:58:00 MDT 2017
# Start of session at: Mon Dec 18 14:55:58 2017
# Process ID: 3180
# Current directory: D:/Project/Vivado/improving_project/EES_335
# Command line: vivado.exe -gui_launcher_event rodinguilauncherevent9704 D:\Project\Vivado\improving_project\EES_335\EES_335.xpr
# Log file: D:/Project/Vivado/improving_project/EES_335/vivado.log
# Journal file: D:/Project/Vivado/improving_project/EES_335\vivado.jou
#-----------------------------------------------------------
start_gui
open_project D:/Project/Vivado/improving_project/EES_335/EES_335.xpr
Scanning sources...
Finished scanning sources
INFO: [IP_Flow 19-234] Refreshing IP repositories
INFO: [IP_Flow 19-1700] Loaded user IP repository 'd:/Project/Vivado/improving_project/EES_335/IPs'.
INFO: [IP_Flow 19-2313] Loaded Vivado IP repository 'C:/Xilinx/Vivado/2017.2/data/ip'.
WARNING: [IP_Flow 19-3664] IP 'EES_335_xbar_1' generated file not found 'd:/Project/Vivado/improving_project/EES_335/EES_335.srcs/sources_1/bd/EES_335/ip/EES_335_xbar_1/stats.txt'. Please regenerate to continue.
WARNING: [IP_Flow 19-3664] IP 'EES_335_auto_pc_1' generated file not found 'd:/Project/Vivado/improving_project/EES_335/EES_335.srcs/sources_1/bd/EES_335/ip/EES_335_auto_pc_1/stats.txt'. Please regenerate to continue.
WARNING: [IP_Flow 19-3664] IP 'EES_335_auto_pc_0' generated file not found 'd:/Project/Vivado/improving_project/EES_335/EES_335.srcs/sources_1/bd/EES_335/ip/EES_335_auto_pc_0/stats.txt'. Please regenerate to continue.
open_project: Time (s): cpu = 00:00:19 ; elapsed = 00:00:19 . Memory (MB): peak = 829.742 ; gain = 123.895
update_compile_order -fileset sources_1
launch_sdk -workspace D:/Project/Vivado/improving_project/EES_335/EES_335.sdk -hwspec D:/Project/Vivado/improving_project/EES_335/EES_335.sdk/EES_335_wrapper.hdf
INFO: [Vivado 12-393] Launching SDK...
INFO: [Vivado 12-417] Running xsdk -workspace D:/Project/Vivado/improving_project/EES_335/EES_335.sdk -hwspec D:/Project/Vivado/improving_project/EES_335/EES_335.sdk/EES_335_wrapper.hdf
INFO: [Vivado 12-3157] SDK launch initiated. Please check console for any further messages.
exit
INFO: [Common 17-206] Exiting Vivado at Mon Dec 18 15:36:03 2017...
